Using pre-set license
Built from '2021.3/staging' branch; Version is '2021.3.7f1 (24e8595d6d43) revision 2418777'; Using compiler version '192829333'; Build Type 'Release'
OS: 'Windows 11  (10.0.22000) 64bit Professional' Language: 'ko' Physical Memory: 14020 MB
BatchMode: 1, IsHumanControllingUs: 0, StartBugReporterOnCrash: 0, Is64bit: 1, IsPro: 1

COMMAND LINE ARGUMENTS:
C:\Program Files\Unity\Hub\Editor\2021.3.7f1\Editor\Unity.exe
-adb2
-batchMode
-noUpm
-name
AssetImportWorker0
-projectPath
C:/Users/6800U/Desktop/Unity/TopDown2DGame/Moonless_proto2
-logFile
Logs/AssetImportWorker0.log
-srvPort
62646
Successfully changed project path to: C:/Users/6800U/Desktop/Unity/TopDown2DGame/Moonless_proto2
C:/Users/6800U/Desktop/Unity/TopDown2DGame/Moonless_proto2
[UnityMemory] Configuration Parameters - Can be set up in boot.config
    "memorysetup-bucket-allocator-granularity=16"
    "memorysetup-bucket-allocator-bucket-count=8"
    "memorysetup-bucket-allocator-block-size=33554432"
    "memorysetup-bucket-allocator-block-count=8"
    "memorysetup-main-allocator-block-size=16777216"
    "memorysetup-thread-allocator-block-size=16777216"
    "memorysetup-gfx-main-allocator-block-size=16777216"
    "memorysetup-gfx-thread-allocator-block-size=16777216"
    "memorysetup-cache-allocator-block-size=4194304"
    "memorysetup-typetree-allocator-block-size=2097152"
    "memorysetup-profiler-bucket-allocator-granularity=16"
    "memorysetup-profiler-bucket-allocator-bucket-count=8"
    "memorysetup-profiler-bucket-allocator-block-size=33554432"
    "memorysetup-profiler-bucket-allocator-block-count=8"
    "memorysetup-profiler-allocator-block-size=16777216"
    "memorysetup-profiler-editor-allocator-block-size=1048576"
    "memorysetup-temp-allocator-size-main=16777216"
    "memorysetup-job-temp-allocator-block-size=2097152"
    "memorysetup-job-temp-allocator-block-size-background=1048576"
    "memorysetup-job-temp-allocator-reduction-small-platforms=262144"
    "memorysetup-temp-allocator-size-background-worker=32768"
    "memorysetup-temp-allocator-size-job-worker=262144"
    "memorysetup-temp-allocator-size-preload-manager=33554432"
    "memorysetup-temp-allocator-size-nav-mesh-worker=65536"
    "memorysetup-temp-allocator-size-audio-worker=65536"
    "memorysetup-temp-allocator-size-cloud-worker=32768"
    "memorysetup-temp-allocator-size-gi-baking-worker=262144"
    "memorysetup-temp-allocator-size-gfx=262144"
Refreshing native plugins compatible for Editor in 95.37 ms, found 4 plugins.
Preloading 0 native plugins for Editor in 0.00 ms.
Initialize engine version: 2021.3.7f1 (24e8595d6d43)
[Subsystems] Discovering subsystems at path C:/Program Files/Unity/Hub/Editor/2021.3.7f1/Editor/Data/Resources/UnitySubsystems
[Subsystems] Discovering subsystems at path C:/Users/6800U/Desktop/Unity/TopDown2DGame/Moonless_proto2/Assets
GfxDevice: creating device client; threaded=0; jobified=0
Direct3D:
    Version:  Direct3D 11.0 [level 11.1]
    Renderer: AMD Radeon(TM) Graphics (ID=0x1681)
    Vendor:   ATI
    VRAM:     7010 MB
    Driver:   30.0.14044.3001
Initialize mono
Mono path[0] = 'C:/Program Files/Unity/Hub/Editor/2021.3.7f1/Editor/Data/Managed'
Mono path[1] = 'C:/Program Files/Unity/Hub/Editor/2021.3.7f1/Editor/Data/MonoBleedingEdge/lib/mono/unityjit-win32'
Mono config path = 'C:/Program Files/Unity/Hub/Editor/2021.3.7f1/Editor/Data/MonoBleedingEdge/etc'
Using monoOptions --debugger-agent=transport=dt_socket,embedding=1,server=y,suspend=n,address=127.0.0.1:56624
Begin MonoManager ReloadAssembly
Registering precompiled unity dll's ...
Register platform support module: C:/Program Files/Unity/Hub/Editor/2021.3.7f1/Editor/Data/PlaybackEngines/WebGLSupport/UnityEditor.WebGL.Extensions.dll
Register platform support module: C:/Program Files/Unity/Hub/Editor/2021.3.7f1/Editor/Data/PlaybackEngines/AndroidPlayer/UnityEditor.Android.Extensions.dll
Register platform support module: C:/Program Files/Unity/Hub/Editor/2021.3.7f1/Editor/Data/PlaybackEngines/WindowsStandaloneSupport/UnityEditor.WindowsStandalone.Extensions.dll
Registered in 0.004295 seconds.
Native extension for WindowsStandalone target not found
Native extension for Android target not found
Native extension for WebGL target not found
Refreshing native plugins compatible for Editor in 73.77 ms, found 4 plugins.
Preloading 0 native plugins for Editor in 0.00 ms.
Mono: successfully reloaded assembly
- Completed reload, in  0.515 seconds
Domain Reload Profiling:
	ReloadAssembly (516ms)
		BeginReloadAssembly (54ms)
			ExecutionOrderSort (0ms)
			DisableScriptedObjects (0ms)
			BackupInstance (0ms)
			ReleaseScriptingObjects (0ms)
			CreateAndSetChildDomain (1ms)
		EndReloadAssembly (379ms)
			LoadAssemblies (53ms)
			RebuildTransferFunctionScriptingTraits (0ms)
			SetupTypeCache (78ms)
			ReleaseScriptCaches (0ms)
			RebuildScriptCaches (24ms)
			SetupLoadedEditorAssemblies (236ms)
				LogAssemblyErrors (0ms)
				InitializePlatformSupportModulesInManaged (48ms)
				SetLoadedEditorAssemblies (1ms)
				RefreshPlugins (74ms)
				BeforeProcessingInitializeOnLoad (1ms)
				ProcessInitializeOnLoadAttributes (76ms)
				ProcessInitializeOnLoadMethodAttributes (36ms)
				AfterProcessingInitializeOnLoad (0ms)
				EditorAssembliesLoaded (0ms)
			ExecutionOrderSort2 (0ms)
			AwakeInstancesAfterBackupRestoration (0ms)
Platform modules already initialized, skipping
Registering precompiled user dll's ...
Registered in 0.005076 seconds.
Begin MonoManager ReloadAssembly
Symbol file LoadedFromMemory doesn't match image C:\Users\6800U\Desktop\Unity\TopDown2DGame\Moonless_proto2\Library\PackageCache\com.unity.visualscripting@1.7.8\Editor\VisualScripting.Core\Dependencies\YamlDotNet\Unity.VisualScripting.YamlDotNet.dll
Symbol file LoadedFromMemory doesn't match image C:\Users\6800U\Desktop\Unity\TopDown2DGame\Moonless_proto2\Library\PackageCache\com.unity.visualscripting@1.7.8\Editor\VisualScripting.Core\Dependencies\DotNetZip\Unity.VisualScripting.IonicZip.dll
Native extension for WindowsStandalone target not found
Native extension for Android target not found
Native extension for WebGL target not found
Refreshing native plugins compatible for Editor in 73.52 ms, found 4 plugins.
Preloading 0 native plugins for Editor in 0.00 ms.
Mono: successfully reloaded assembly
- Completed reload, in  1.058 seconds
Domain Reload Profiling:
	ReloadAssembly (1059ms)
		BeginReloadAssembly (206ms)
			ExecutionOrderSort (0ms)
			DisableScriptedObjects (5ms)
			BackupInstance (0ms)
			ReleaseScriptingObjects (0ms)
			CreateAndSetChildDomain (129ms)
		EndReloadAssembly (751ms)
			LoadAssemblies (75ms)
			RebuildTransferFunctionScriptingTraits (0ms)
			SetupTypeCache (190ms)
			ReleaseScriptCaches (1ms)
			RebuildScriptCaches (50ms)
			SetupLoadedEditorAssemblies (399ms)
				LogAssemblyErrors (0ms)
				InitializePlatformSupportModulesInManaged (11ms)
				SetLoadedEditorAssemblies (0ms)
				RefreshPlugins (74ms)
				BeforeProcessingInitializeOnLoad (80ms)
				ProcessInitializeOnLoadAttributes (193ms)
				ProcessInitializeOnLoadMethodAttributes (36ms)
				AfterProcessingInitializeOnLoad (6ms)
				EditorAssembliesLoaded (0ms)
			ExecutionOrderSort2 (0ms)
			AwakeInstancesAfterBackupRestoration (6ms)
Platform modules already initialized, skipping
========================================================================
Worker process is ready to serve import requests
Launched and connected shader compiler UnityShaderCompiler.exe after 0.04 seconds
Refreshing native plugins compatible for Editor in 0.98 ms, found 4 plugins.
Preloading 0 native plugins for Editor in 0.00 ms.
Unloading 4076 Unused Serialized files (Serialized files now loaded: 0)
Unloading 44 unused Assets / (222.8 KB). Loaded Objects now: 4543.
Memory consumption went from 161.8 MB to 161.6 MB.
Total: 3.547500 ms (FindLiveObjects: 0.426600 ms CreateObjectMapping: 0.169700 ms MarkObjects: 2.782900 ms  DeleteObjects: 0.167200 ms)

AssetImportParameters requested are different than current active one (requested -> active):
  custom:video-decoder-ogg-theora: a1e56fd34408186e4bbccfd4996cb3dc -> 
  custom:container-muxer-webm: aa71ff27fc2769a1b78a27578f13a17b -> 
  custom:container-demuxer-webm: 4f35f7cbe854078d1ac9338744f61a02 -> 
  custom:video-encoder-webm-vp8: eb34c28f22e8b96e1ab97ce403110664 -> 
  custom:audio-encoder-webm-vorbis: bf7c407c2cedff20999df2af8eb42d56 -> 
  custom:framework-win-MediaFoundation: 216162199b28c13a410421893ffa2e32 -> 
  custom:container-demuxer-ogg: 62fdf1f143b41e24485cea50d1cbac27 -> 
  custom:video-decoder-webm-vp8: 9c59270c3fd7afecdb556c50c9e8de78 -> 
  custom:audio-decoder-ogg-vorbis: bf7c407c2cedff20999df2af8eb42d56 -> 
========================================================================
Received Import Request.
  Time since last request: 198117.863864 seconds.
  path: Assets/Skeleton.prefab
  artifactKey: Guid(008eef669bd43754481d21cc4ca65f3c) Importer(815301076,1909f56bfc062723c751e8b465ee728b)
Start importing Assets/Skeleton.prefab using Guid(008eef669bd43754481d21cc4ca65f3c) Importer(815301076,1909f56bfc062723c751e8b465ee728b)  -> (artifact id: '57662b5866618b838c93b2ed039798b1') in 0.143876 seconds 
========================================================================
Received Prepare
Registering precompiled user dll's ...
Registered in 0.004938 seconds.
Begin MonoManager ReloadAssembly
Symbol file LoadedFromMemory doesn't match image C:\Users\6800U\Desktop\Unity\TopDown2DGame\Moonless_proto2\Library\PackageCache\com.unity.visualscripting@1.7.8\Editor\VisualScripting.Core\Dependencies\YamlDotNet\Unity.VisualScripting.YamlDotNet.dll
Symbol file LoadedFromMemory doesn't match image C:\Users\6800U\Desktop\Unity\TopDown2DGame\Moonless_proto2\Library\PackageCache\com.unity.visualscripting@1.7.8\Editor\VisualScripting.Core\Dependencies\DotNetZip\Unity.VisualScripting.IonicZip.dll
Native extension for WindowsStandalone target not found
Native extension for Android target not found
Native extension for WebGL target not found
Refreshing native plugins compatible for Editor in 1.81 ms, found 4 plugins.
Preloading 0 native plugins for Editor in 0.00 ms.
Mono: successfully reloaded assembly
- Completed reload, in  1.154 seconds
Domain Reload Profiling:
	ReloadAssembly (1155ms)
		BeginReloadAssembly (135ms)
			ExecutionOrderSort (0ms)
			DisableScriptedObjects (6ms)
			BackupInstance (0ms)
			ReleaseScriptingObjects (0ms)
			CreateAndSetChildDomain (44ms)
		EndReloadAssembly (881ms)
			LoadAssemblies (107ms)
			RebuildTransferFunctionScriptingTraits (0ms)
			SetupTypeCache (310ms)
			ReleaseScriptCaches (2ms)
			RebuildScriptCaches (43ms)
			SetupLoadedEditorAssemblies (368ms)
				LogAssemblyErrors (0ms)
				InitializePlatformSupportModulesInManaged (25ms)
				SetLoadedEditorAssemblies (1ms)
				RefreshPlugins (2ms)
				BeforeProcessingInitializeOnLoad (73ms)
				ProcessInitializeOnLoadAttributes (217ms)
				ProcessInitializeOnLoadMethodAttributes (43ms)
				AfterProcessingInitializeOnLoad (8ms)
				EditorAssembliesLoaded (0ms)
			ExecutionOrderSort2 (0ms)
			AwakeInstancesAfterBackupRestoration (9ms)
Platform modules already initialized, skipping
Refreshing native plugins compatible for Editor in 3.31 ms, found 4 plugins.
Preloading 0 native plugins for Editor in 0.00 ms.
Unloading 4067 Unused Serialized files (Serialized files now loaded: 0)
Unloading 35 unused Assets / (190.1 KB). Loaded Objects now: 4548.
Memory consumption went from 166.1 MB to 165.9 MB.
Total: 4.257000 ms (FindLiveObjects: 0.454400 ms CreateObjectMapping: 0.102000 ms MarkObjects: 3.475200 ms  DeleteObjects: 0.224100 ms)

AssetImportParameters requested are different than current active one (requested -> active):
  custom:video-decoder-ogg-theora: a1e56fd34408186e4bbccfd4996cb3dc -> 
  custom:container-muxer-webm: aa71ff27fc2769a1b78a27578f13a17b -> 
  custom:container-demuxer-webm: 4f35f7cbe854078d1ac9338744f61a02 -> 
  custom:video-encoder-webm-vp8: eb34c28f22e8b96e1ab97ce403110664 -> 
  custom:audio-encoder-webm-vorbis: bf7c407c2cedff20999df2af8eb42d56 -> 
  custom:framework-win-MediaFoundation: 216162199b28c13a410421893ffa2e32 -> 
  custom:container-demuxer-ogg: 62fdf1f143b41e24485cea50d1cbac27 -> 
  custom:video-decoder-webm-vp8: 9c59270c3fd7afecdb556c50c9e8de78 -> 
  custom:audio-decoder-ogg-vorbis: bf7c407c2cedff20999df2af8eb42d56 -> 
========================================================================
Received Import Request.
  Time since last request: 128.310263 seconds.
  path: Assets/adventurer-v1.5-Sheet.png
  artifactKey: Guid(bd1a9481207d1ac4285f4a6666fef930) Importer(815301076,1909f56bfc062723c751e8b465ee728b)
Start importing Assets/adventurer-v1.5-Sheet.png using Guid(bd1a9481207d1ac4285f4a6666fef930) Importer(815301076,1909f56bfc062723c751e8b465ee728b)  -> (artifact id: '310084beb31fe1f88c110f0ed3eb9463') in 0.100211 seconds 
========================================================================
Received Import Request.
  Time since last request: 26.198937 seconds.
  path: Assets/adventurer-v1.5-Sheet/adventurer-v1.5-Sheet.png
  artifactKey: Guid(bd1a9481207d1ac4285f4a6666fef930) Importer(815301076,1909f56bfc062723c751e8b465ee728b)
Start importing Assets/adventurer-v1.5-Sheet/adventurer-v1.5-Sheet.png using Guid(bd1a9481207d1ac4285f4a6666fef930) Importer(815301076,1909f56bfc062723c751e8b465ee728b)  -> (artifact id: 'dee7898f0937133bcc8e6f51c9d26ee5') in 0.015023 seconds 
========================================================================
Received Import Request.
  Time since last request: 230.000564 seconds.
  path: Assets/adventurer-v1.5-Sheet/adventurer-v1.5-Sheet.png
  artifactKey: Guid(bd1a9481207d1ac4285f4a6666fef930) Importer(815301076,1909f56bfc062723c751e8b465ee728b)
Start importing Assets/adventurer-v1.5-Sheet/adventurer-v1.5-Sheet.png using Guid(bd1a9481207d1ac4285f4a6666fef930) Importer(815301076,1909f56bfc062723c751e8b465ee728b)  -> (artifact id: '7a45e1d14f4b5951de38de8e479f1db9') in 0.277638 seconds 
========================================================================
Received Import Request.
  Time since last request: 64.820962 seconds.
  path: Assets/adventurer-v1.5-Sheet/adventurer-v1.5-Sheet.png
  artifactKey: Guid(bd1a9481207d1ac4285f4a6666fef930) Importer(815301076,1909f56bfc062723c751e8b465ee728b)
Start importing Assets/adventurer-v1.5-Sheet/adventurer-v1.5-Sheet.png using Guid(bd1a9481207d1ac4285f4a6666fef930) Importer(815301076,1909f56bfc062723c751e8b465ee728b)  -> (artifact id: '91d4f3efa7a038f180ad64618a64e551') in 0.277988 seconds 
========================================================================
Received Import Request.
  Time since last request: 11.909033 seconds.
  path: Assets/adventurer-v1.5-Sheet/adventurer-v1.5-Sheet.png
  artifactKey: Guid(bd1a9481207d1ac4285f4a6666fef930) Importer(815301076,1909f56bfc062723c751e8b465ee728b)
Start importing Assets/adventurer-v1.5-Sheet/adventurer-v1.5-Sheet.png using Guid(bd1a9481207d1ac4285f4a6666fef930) Importer(815301076,1909f56bfc062723c751e8b465ee728b)  -> (artifact id: '59da82e6d698b1830099854ce98783ff') in 0.303475 seconds 
========================================================================
Received Import Request.
  Time since last request: 334.563187 seconds.
  path: Assets/Animations/Player2
  artifactKey: Guid(b9d17fb7d6810e544b67af76911b155f) Importer(815301076,1909f56bfc062723c751e8b465ee728b)
Start importing Assets/Animations/Player2 using Guid(b9d17fb7d6810e544b67af76911b155f) Importer(815301076,1909f56bfc062723c751e8b465ee728b)  -> (artifact id: 'cf559c107af43d256bdff81e8e2faf9f') in 0.009271 seconds 
========================================================================
Received Import Request.
  Time since last request: 8.636980 seconds.
  path: Assets/Animations/Player2/Player.controller
  artifactKey: Guid(7b3d642845cb8db42b0cc1313a7d4f31) Importer(815301076,1909f56bfc062723c751e8b465ee728b)
Start importing Assets/Animations/Player2/Player.controller using Guid(7b3d642845cb8db42b0cc1313a7d4f31) Importer(815301076,1909f56bfc062723c751e8b465ee728b)  -> (artifact id: '1c695514ba3258c1ddbc2cebe9296331') in 0.012820 seconds 
========================================================================
Received Import Request.
  Time since last request: 47.245359 seconds.
  path: Assets/Animations/Player2/Player.controller
  artifactKey: Guid(8d043fc1708e8754b9344f7a09123083) Importer(815301076,1909f56bfc062723c751e8b465ee728b)
Start importing Assets/Animations/Player2/Player.controller using Guid(8d043fc1708e8754b9344f7a09123083) Importer(815301076,1909f56bfc062723c751e8b465ee728b)  -> (artifact id: '7f005b97cbe53b6cf56b09e070205bde') in 0.003307 seconds 
========================================================================
Received Import Request.
  Time since last request: 497.906328 seconds.
  path: Assets/Animations/Player2/Player.controller
  artifactKey: Guid(a7060fe8d7f57af41aa1bc67d5e78fdd) Importer(815301076,1909f56bfc062723c751e8b465ee728b)
Start importing Assets/Animations/Player2/Player.controller using Guid(a7060fe8d7f57af41aa1bc67d5e78fdd) Importer(815301076,1909f56bfc062723c751e8b465ee728b)  -> (artifact id: '1754fad58971b33be434b1e1a287be5f') in 0.006316 seconds 
========================================================================
Received Import Request.
  Time since last request: 18.484649 seconds.
  path: Assets/Animations/Player/Player.controller
  artifactKey: Guid(312496b25d842af4a938e96c7d5aaee0) Importer(815301076,1909f56bfc062723c751e8b465ee728b)
Start importing Assets/Animations/Player/Player.controller using Guid(312496b25d842af4a938e96c7d5aaee0) Importer(815301076,1909f56bfc062723c751e8b465ee728b)  -> (artifact id: '93e09cc08adbd04b90c4787a9beebfe1') in 0.005283 seconds 
========================================================================
Received Import Request.
  Time since last request: 525.997796 seconds.
  path: Assets/Adventurer-1.5/adventurer-v1.5-Sheet.png
  artifactKey: Guid(e2bbc510d0eb270429b71ee4dc793637) Importer(815301076,1909f56bfc062723c751e8b465ee728b)
Start importing Assets/Adventurer-1.5/adventurer-v1.5-Sheet.png using Guid(e2bbc510d0eb270429b71ee4dc793637) Importer(815301076,1909f56bfc062723c751e8b465ee728b)  -> (artifact id: '4210f6f64d464344e139ce3f5a1e1e78') in 0.030067 seconds 
========================================================================
Received Import Request.
  Time since last request: 100.465171 seconds.
  path: Assets/Adventurer-1.5/Individual Sprites/adventurer-swrd-drw-00.png
  artifactKey: Guid(10b5ab8f1607fd34e85d300fd9156b1e) Importer(815301076,1909f56bfc062723c751e8b465ee728b)
Start importing Assets/Adventurer-1.5/Individual Sprites/adventurer-swrd-drw-00.png using Guid(10b5ab8f1607fd34e85d300fd9156b1e) Importer(815301076,1909f56bfc062723c751e8b465ee728b)  -> (artifact id: 'b842b00d09d685355edfbe364c4fdff7') in 0.015240 seconds 
========================================================================
Received Import Request.
  Time since last request: 0.037783 seconds.
  path: Assets/Adventurer-1.5/Individual Sprites/adventurer-air-attack-3-end-00.png
  artifactKey: Guid(509a68efa3031cb47868bcb3d306f70d) Importer(815301076,1909f56bfc062723c751e8b465ee728b)
Start importing Assets/Adventurer-1.5/Individual Sprites/adventurer-air-attack-3-end-00.png using Guid(509a68efa3031cb47868bcb3d306f70d) Importer(815301076,1909f56bfc062723c751e8b465ee728b)  -> (artifact id: '28c2f35f781a06370db5c32378a1d206') in 0.021028 seconds 
========================================================================
Received Import Request.
  Time since last request: 0.000038 seconds.
  path: Assets/Adventurer-1.5/Individual Sprites/adventurer-cast-loop-03.png
  artifactKey: Guid(719f7c1c78eedfa42852e45300cc81a0) Importer(815301076,1909f56bfc062723c751e8b465ee728b)
Start importing Assets/Adventurer-1.5/Individual Sprites/adventurer-cast-loop-03.png using Guid(719f7c1c78eedfa42852e45300cc81a0) Importer(815301076,1909f56bfc062723c751e8b465ee728b)  -> (artifact id: '21ac7f35540d4ba9dc379de4639cf53d') in 0.021139 seconds 
========================================================================
Received Import Request.
  Time since last request: 0.000086 seconds.
  path: Assets/Adventurer-1.5/Individual Sprites/adventurer-air-attack1-01.png
  artifactKey: Guid(6cc1c0f59509eb94794d83046af5f618) Importer(815301076,1909f56bfc062723c751e8b465ee728b)
Start importing Assets/Adventurer-1.5/Individual Sprites/adventurer-air-attack1-01.png using Guid(6cc1c0f59509eb94794d83046af5f618) Importer(815301076,1909f56bfc062723c751e8b465ee728b)  -> (artifact id: 'f30d0c3017172f1c3a6bee092802ceb9') in 0.016755 seconds 
========================================================================
Received Import Request.
  Time since last request: 0.000049 seconds.
  path: Assets/Adventurer-1.5/Individual Sprites/adventurer-attack1-00.png
  artifactKey: Guid(6ce61c93667f82d408496af5455dfcfd) Importer(815301076,1909f56bfc062723c751e8b465ee728b)
Start importing Assets/Adventurer-1.5/Individual Sprites/adventurer-attack1-00.png using Guid(6ce61c93667f82d408496af5455dfcfd) Importer(815301076,1909f56bfc062723c751e8b465ee728b)  -> (artifact id: '2e9fc47e6de47ba8cdf3a1f6fdc9297d') in 0.017214 seconds 
========================================================================
Received Import Request.
  Time since last request: 0.000065 seconds.
  path: Assets/Adventurer-1.5/Individual Sprites/adventurer-cast-loop-00.png
  artifactKey: Guid(7a52951dff65e0a4e9f4f8b7e5770b7c) Importer(815301076,1909f56bfc062723c751e8b465ee728b)
Start importing Assets/Adventurer-1.5/Individual Sprites/adventurer-cast-loop-00.png using Guid(7a52951dff65e0a4e9f4f8b7e5770b7c) Importer(815301076,1909f56bfc062723c751e8b465ee728b)  -> (artifact id: '0ca0e166e0308875a7d868ab96df32d9') in 0.019220 seconds 
========================================================================
Received Import Request.
  Time since last request: 0.000036 seconds.
  path: Assets/Adventurer-1.5/Individual Sprites/adventurer-attack3-01.png
  artifactKey: Guid(3de8063024f9e9f4ca1a82202333f645) Importer(815301076,1909f56bfc062723c751e8b465ee728b)
Start importing Assets/Adventurer-1.5/Individual Sprites/adventurer-attack3-01.png using Guid(3de8063024f9e9f4ca1a82202333f645) Importer(815301076,1909f56bfc062723c751e8b465ee728b)  -> (artifact id: '04a3bed61879505162ae4e9fa43db46a') in 0.018021 seconds 
========================================================================
Received Import Request.
  Time since last request: 0.000029 seconds.
  path: Assets/Adventurer-1.5/Individual Sprites/adventurer-air-attack1-02.png
  artifactKey: Guid(c6f96eae1e81d784d969fada0d1c92e9) Importer(815301076,1909f56bfc062723c751e8b465ee728b)
Start importing Assets/Adventurer-1.5/Individual Sprites/adventurer-air-attack1-02.png using Guid(c6f96eae1e81d784d969fada0d1c92e9) Importer(815301076,1909f56bfc062723c751e8b465ee728b)  -> (artifact id: '6d7c1f5a108de2624247720a076989b4') in 0.015783 seconds 
========================================================================
Received Import Request.
  Time since last request: 0.000035 seconds.
  path: Assets/Adventurer-1.5/Individual Sprites/adventurer-cast-02.png
  artifactKey: Guid(152387e6c7141134b95a04752ba21554) Importer(815301076,1909f56bfc062723c751e8b465ee728b)
Start importing Assets/Adventurer-1.5/Individual Sprites/adventurer-cast-02.png using Guid(152387e6c7141134b95a04752ba21554) Importer(815301076,1909f56bfc062723c751e8b465ee728b)  -> (artifact id: '83d2507f1fa2c776b447dfba848b79fa') in 0.016058 seconds 
========================================================================
Received Import Request.
  Time since last request: 0.000033 seconds.
  path: Assets/Adventurer-1.5/Individual Sprites/adventurer-air-attack2-01.png
  artifactKey: Guid(2d2c9afca38e84648a16d77520c94374) Importer(815301076,1909f56bfc062723c751e8b465ee728b)
Start importing Assets/Adventurer-1.5/Individual Sprites/adventurer-air-attack2-01.png using Guid(2d2c9afca38e84648a16d77520c94374) Importer(815301076,1909f56bfc062723c751e8b465ee728b)  -> (artifact id: '6d0f5d44097b47c5124bcfd9667ed417') in 0.017877 seconds 
========================================================================
Received Import Request.
  Time since last request: 0.000031 seconds.
  path: Assets/Adventurer-1.5/Individual Sprites/adventurer-air-attack1-03.png
  artifactKey: Guid(ae19b37f9e8dd7a42b8719d508bf6777) Importer(815301076,1909f56bfc062723c751e8b465ee728b)
Start importing Assets/Adventurer-1.5/Individual Sprites/adventurer-air-attack1-03.png using Guid(ae19b37f9e8dd7a42b8719d508bf6777) Importer(815301076,1909f56bfc062723c751e8b465ee728b)  -> (artifact id: '71dac5654bb11c5edaf3485b48ba498f') in 0.017608 seconds 
========================================================================
Received Import Request.
  Time since last request: 0.000032 seconds.
  path: Assets/Adventurer-1.5/Individual Sprites/adventurer-cast-00.png
  artifactKey: Guid(89e04a7345f130c41b25befa2779f5ff) Importer(815301076,1909f56bfc062723c751e8b465ee728b)
Start importing Assets/Adventurer-1.5/Individual Sprites/adventurer-cast-00.png using Guid(89e04a7345f130c41b25befa2779f5ff) Importer(815301076,1909f56bfc062723c751e8b465ee728b)  -> (artifact id: '285b7a23f501b0c60ad3a5aee587a853') in 0.021910 seconds 
========================================================================
Received Import Request.
  Time since last request: 0.000048 seconds.
  path: Assets/Adventurer-1.5/Individual Sprites/adventurer-crnr-jmp-00.png
  artifactKey: Guid(0fd2f7ea164888a4fa6d3360d55a80b3) Importer(815301076,1909f56bfc062723c751e8b465ee728b)
Start importing Assets/Adventurer-1.5/Individual Sprites/adventurer-crnr-jmp-00.png using Guid(0fd2f7ea164888a4fa6d3360d55a80b3) Importer(815301076,1909f56bfc062723c751e8b465ee728b)  -> (artifact id: '465a6ffe92e6034b635b26ca956420a2') in 0.017715 seconds 
========================================================================
Received Import Request.
  Time since last request: 0.000045 seconds.
  path: Assets/Adventurer-1.5/Individual Sprites/adventurer-crnr-jmp-01.png
  artifactKey: Guid(3308245f08560744090b65d22b8a1bbf) Importer(815301076,1909f56bfc062723c751e8b465ee728b)
Start importing Assets/Adventurer-1.5/Individual Sprites/adventurer-crnr-jmp-01.png using Guid(3308245f08560744090b65d22b8a1bbf) Importer(815301076,1909f56bfc062723c751e8b465ee728b)  -> (artifact id: 'a5a7866ab89a04a4636c6dd3e6df3a83') in 0.021485 seconds 
========================================================================
Received Import Request.
  Time since last request: 0.000027 seconds.
  path: Assets/Adventurer-1.5/Individual Sprites/adventurer-cast-01.png
  artifactKey: Guid(0cd81470b7797ec408e6c3695a12c5e4) Importer(815301076,1909f56bfc062723c751e8b465ee728b)
Start importing Assets/Adventurer-1.5/Individual Sprites/adventurer-cast-01.png using Guid(0cd81470b7797ec408e6c3695a12c5e4) Importer(815301076,1909f56bfc062723c751e8b465ee728b)  -> (artifact id: 'a9ad4a21dff6d08db498c692f0294478') in 0.016920 seconds 
========================================================================
Received Import Request.
  Time since last request: 0.000031 seconds.
  path: Assets/Adventurer-1.5/Individual Sprites/adventurer-cast-loop-02.png
  artifactKey: Guid(7fe43ac5d2fc32f47ba7f74d61c913a9) Importer(815301076,1909f56bfc062723c751e8b465ee728b)
Start importing Assets/Adventurer-1.5/Individual Sprites/adventurer-cast-loop-02.png using Guid(7fe43ac5d2fc32f47ba7f74d61c913a9) Importer(815301076,1909f56bfc062723c751e8b465ee728b)  -> (artifact id: 'f91eb89a9b109f548f9d7bcde9719891') in 0.017228 seconds 
========================================================================
Received Import Request.
  Time since last request: 0.000032 seconds.
  path: Assets/Adventurer-1.5/Individual Sprites/adventurer-crnr-grb-02.png
  artifactKey: Guid(0e6ae09b41b962249b4728a7d32a2795) Importer(815301076,1909f56bfc062723c751e8b465ee728b)
Start importing Assets/Adventurer-1.5/Individual Sprites/adventurer-crnr-grb-02.png using Guid(0e6ae09b41b962249b4728a7d32a2795) Importer(815301076,1909f56bfc062723c751e8b465ee728b)  -> (artifact id: 'f51827a5bf5b234889afaaf79cf5cd3c') in 0.018458 seconds 
========================================================================
Received Import Request.
  Time since last request: 0.000031 seconds.
  path: Assets/Adventurer-1.5/Individual Sprites/adventurer-crnr-grb-03.png
  artifactKey: Guid(c95ba9c7b5236414e8e65c102c5e130c) Importer(815301076,1909f56bfc062723c751e8b465ee728b)
Start importing Assets/Adventurer-1.5/Individual Sprites/adventurer-crnr-grb-03.png using Guid(c95ba9c7b5236414e8e65c102c5e130c) Importer(815301076,1909f56bfc062723c751e8b465ee728b)  -> (artifact id: 'c046bf93793bd03f3320729b1201c911') in 0.015279 seconds 
========================================================================
Received Import Request.
  Time since last request: 0.000040 seconds.
  path: Assets/Adventurer-1.5/Individual Sprites/adventurer-attack2-02.png
  artifactKey: Guid(83fd5cdfb4d669546851f2b35ac040a5) Importer(815301076,1909f56bfc062723c751e8b465ee728b)
Start importing Assets/Adventurer-1.5/Individual Sprites/adventurer-attack2-02.png using Guid(83fd5cdfb4d669546851f2b35ac040a5) Importer(815301076,1909f56bfc062723c751e8b465ee728b)  -> (artifact id: '6bc0a992605caf52062fe9c7061eadc9') in 0.019493 seconds 
========================================================================
Received Import Request.
  Time since last request: 0.000032 seconds.
  path: Assets/Adventurer-1.5/Individual Sprites/adventurer-attack3-05.png
  artifactKey: Guid(5bcf62389215b99409942682c9a0568f) Importer(815301076,1909f56bfc062723c751e8b465ee728b)
Start importing Assets/Adventurer-1.5/Individual Sprites/adventurer-attack3-05.png using Guid(5bcf62389215b99409942682c9a0568f) Importer(815301076,1909f56bfc062723c751e8b465ee728b)  -> (artifact id: '83d630a007e5f754f47e2cf2869d829e') in 0.017909 seconds 
========================================================================
Received Import Request.
  Time since last request: 0.000033 seconds.
  path: Assets/Adventurer-1.5/Individual Sprites/adventurer-attack1-01.png
  artifactKey: Guid(66ef2b08910878645bbb93cfcdc0031a) Importer(815301076,1909f56bfc062723c751e8b465ee728b)
Start importing Assets/Adventurer-1.5/Individual Sprites/adventurer-attack1-01.png using Guid(66ef2b08910878645bbb93cfcdc0031a) Importer(815301076,1909f56bfc062723c751e8b465ee728b)  -> (artifact id: '89886074e8d22a0833af13eedb2f04bf') in 0.019190 seconds 
========================================================================
Received Import Request.
  Time since last request: 0.000040 seconds.
  path: Assets/Adventurer-1.5/Individual Sprites/adventurer-crouch-03.png
  artifactKey: Guid(46c2385c581356a4cb6ad4546c862577) Importer(815301076,1909f56bfc062723c751e8b465ee728b)
Start importing Assets/Adventurer-1.5/Individual Sprites/adventurer-crouch-03.png using Guid(46c2385c581356a4cb6ad4546c862577) Importer(815301076,1909f56bfc062723c751e8b465ee728b)  -> (artifact id: 'd16cbd79513f4cd69d542c48b491b39a') in 0.019104 seconds 
========================================================================
Received Import Request.
  Time since last request: 0.000037 seconds.
  path: Assets/Adventurer-1.5/Individual Sprites/adventurer-air-attack3-loop-01.png
  artifactKey: Guid(4df5505519554994a85cd42e66b2dc85) Importer(815301076,1909f56bfc062723c751e8b465ee728b)
Start importing Assets/Adventurer-1.5/Individual Sprites/adventurer-air-attack3-loop-01.png using Guid(4df5505519554994a85cd42e66b2dc85) Importer(815301076,1909f56bfc062723c751e8b465ee728b)  -> (artifact id: '8d7ca4d7b1ff6038b098f07221ada4d3') in 0.020331 seconds 
========================================================================
Received Import Request.
  Time since last request: 0.000033 seconds.
  path: Assets/Adventurer-1.5/Individual Sprites/adventurer-crouch-00.png
  artifactKey: Guid(ebe7a6d406f7fd44a9369b42cba8fc35) Importer(815301076,1909f56bfc062723c751e8b465ee728b)
Start importing Assets/Adventurer-1.5/Individual Sprites/adventurer-crouch-00.png using Guid(ebe7a6d406f7fd44a9369b42cba8fc35) Importer(815301076,1909f56bfc062723c751e8b465ee728b)  -> (artifact id: '4a6917d1d3937845b014098ecc91b3dc') in 0.028759 seconds 
========================================================================
Received Import Request.
  Time since last request: 0.000035 seconds.
  path: Assets/Adventurer-1.5/Individual Sprites/adventurer-air-attack3-rdy-00.png
  artifactKey: Guid(f70b53e22c4343d4eb424b37d91112cd) Importer(815301076,1909f56bfc062723c751e8b465ee728b)
Start importing Assets/Adventurer-1.5/Individual Sprites/adventurer-air-attack3-rdy-00.png using Guid(f70b53e22c4343d4eb424b37d91112cd) Importer(815301076,1909f56bfc062723c751e8b465ee728b)  -> (artifact id: '7f0d111cca74d1b96780cd5690e75872') in 0.017947 seconds 
========================================================================
Received Import Request.
  Time since last request: 0.000031 seconds.
  path: Assets/Adventurer-1.5/Individual Sprites/adventurer-die-02.png
  artifactKey: Guid(d0b784aa03a31d74a9c8a3e2addec991) Importer(815301076,1909f56bfc062723c751e8b465ee728b)
Start importing Assets/Adventurer-1.5/Individual Sprites/adventurer-die-02.png using Guid(d0b784aa03a31d74a9c8a3e2addec991) Importer(815301076,1909f56bfc062723c751e8b465ee728b)  -> (artifact id: '1669cd451e9959ae6bb34e9bfdb3be16') in 0.018337 seconds 
========================================================================
Received Import Request.
  Time since last request: 0.000025 seconds.
  path: Assets/Adventurer-1.5/Individual Sprites/adventurer-crnr-grb-00.png
  artifactKey: Guid(56154c1fee6c0b149a88a24be71af5e3) Importer(815301076,1909f56bfc062723c751e8b465ee728b)
Start importing Assets/Adventurer-1.5/Individual Sprites/adventurer-crnr-grb-00.png using Guid(56154c1fee6c0b149a88a24be71af5e3) Importer(815301076,1909f56bfc062723c751e8b465ee728b)  -> (artifact id: '4d579ebae957fb502eafbfb0c80b6382') in 0.017854 seconds 
========================================================================
Received Import Request.
  Time since last request: 0.000023 seconds.
  path: Assets/Adventurer-1.5/Individual Sprites/adventurer-cast-loop-01.png
  artifactKey: Guid(9feb73d97a8124a4bac8865518103079) Importer(815301076,1909f56bfc062723c751e8b465ee728b)
Start importing Assets/Adventurer-1.5/Individual Sprites/adventurer-cast-loop-01.png using Guid(9feb73d97a8124a4bac8865518103079) Importer(815301076,1909f56bfc062723c751e8b465ee728b)  -> (artifact id: '50f5ff8407d712d0780d4b0b1c961414') in 0.019499 seconds 
========================================================================
Received Import Request.
  Time since last request: 0.000030 seconds.
  path: Assets/Adventurer-1.5/Individual Sprites/adventurer-crnr-clmb-00.png
  artifactKey: Guid(b5ec44ce0fda02e43bfe7a41f12446c9) Importer(815301076,1909f56bfc062723c751e8b465ee728b)
Start importing Assets/Adventurer-1.5/Individual Sprites/adventurer-crnr-clmb-00.png using Guid(b5ec44ce0fda02e43bfe7a41f12446c9) Importer(815301076,1909f56bfc062723c751e8b465ee728b)  -> (artifact id: 'c2f335dc2224da23bd72d1cfddc1a844') in 0.017523 seconds 
========================================================================
Received Import Request.
  Time since last request: 0.000032 seconds.
  path: Assets/Adventurer-1.5/Individual Sprites/adventurer-attack3-00.png
  artifactKey: Guid(b60c0ee9fd1577b41a8aaf39d816a328) Importer(815301076,1909f56bfc062723c751e8b465ee728b)
Start importing Assets/Adventurer-1.5/Individual Sprites/adventurer-attack3-00.png using Guid(b60c0ee9fd1577b41a8aaf39d816a328) Importer(815301076,1909f56bfc062723c751e8b465ee728b)  -> (artifact id: '7fc9afc80f4b3ec8345a0a439f06486a') in 0.017196 seconds 
========================================================================
Received Import Request.
  Time since last request: 0.000040 seconds.
  path: Assets/Adventurer-1.5/Individual Sprites/adventurer-air-attack3-loop-00.png
  artifactKey: Guid(4b9ebc4a1e236c048997af7d8f1ee3b1) Importer(815301076,1909f56bfc062723c751e8b465ee728b)
Start importing Assets/Adventurer-1.5/Individual Sprites/adventurer-air-attack3-loop-00.png using Guid(4b9ebc4a1e236c048997af7d8f1ee3b1) Importer(815301076,1909f56bfc062723c751e8b465ee728b)  -> (artifact id: '236d60e605dacc11326faef1486f5463') in 0.018807 seconds 
========================================================================
Received Import Request.
  Time since last request: 10.836145 seconds.
  path: Assets/Adventurer-1.5/Individual Sprites/adventurer-jump-01.png
  artifactKey: Guid(0c3d189ef2e3a4144adaee1fcaef2758) Importer(815301076,1909f56bfc062723c751e8b465ee728b)
Start importing Assets/Adventurer-1.5/Individual Sprites/adventurer-jump-01.png using Guid(0c3d189ef2e3a4144adaee1fcaef2758) Importer(815301076,1909f56bfc062723c751e8b465ee728b)  -> (artifact id: 'f05a535a0cab51042cf0101637363e41') in 0.021460 seconds 
Editor requested this worker to shutdown with reason: Scaling down because of idle timeout
AssetImportWorker is now disconnected from the server
Process exiting
Exiting without the bug reporter. Application will terminate with return code 0