Using pre-set license
Built from '2021.3/staging' branch; Version is '2021.3.7f1 (24e8595d6d43) revision 2418777'; Using compiler version '192829333'; Build Type 'Release'
OS: 'Windows 11  (10.0.22000) 64bit Professional' Language: 'ko' Physical Memory: 14020 MB
BatchMode: 1, IsHumanControllingUs: 0, StartBugReporterOnCrash: 0, Is64bit: 1, IsPro: 1

COMMAND LINE ARGUMENTS:
C:\Program Files\Unity\Hub\Editor\2021.3.7f1\Editor\Unity.exe
-adb2
-batchMode
-noUpm
-name
AssetImportWorker1
-projectPath
C:/Users/6800U/Desktop/Unity/TopDown2DGame/Moonless_proto2
-logFile
Logs/AssetImportWorker1.log
-srvPort
62646
Successfully changed project path to: C:/Users/6800U/Desktop/Unity/TopDown2DGame/Moonless_proto2
C:/Users/6800U/Desktop/Unity/TopDown2DGame/Moonless_proto2
[UnityMemory] Configuration Parameters - Can be set up in boot.config
    "memorysetup-bucket-allocator-granularity=16"
    "memorysetup-bucket-allocator-bucket-count=8"
    "memorysetup-bucket-allocator-block-size=33554432"
    "memorysetup-bucket-allocator-block-count=8"
    "memorysetup-main-allocator-block-size=16777216"
    "memorysetup-thread-allocator-block-size=16777216"
    "memorysetup-gfx-main-allocator-block-size=16777216"
    "memorysetup-gfx-thread-allocator-block-size=16777216"
    "memorysetup-cache-allocator-block-size=4194304"
    "memorysetup-typetree-allocator-block-size=2097152"
    "memorysetup-profiler-bucket-allocator-granularity=16"
    "memorysetup-profiler-bucket-allocator-bucket-count=8"
    "memorysetup-profiler-bucket-allocator-block-size=33554432"
    "memorysetup-profiler-bucket-allocator-block-count=8"
    "memorysetup-profiler-allocator-block-size=16777216"
    "memorysetup-profiler-editor-allocator-block-size=1048576"
    "memorysetup-temp-allocator-size-main=16777216"
    "memorysetup-job-temp-allocator-block-size=2097152"
    "memorysetup-job-temp-allocator-block-size-background=1048576"
    "memorysetup-job-temp-allocator-reduction-small-platforms=262144"
    "memorysetup-temp-allocator-size-background-worker=32768"
    "memorysetup-temp-allocator-size-job-worker=262144"
    "memorysetup-temp-allocator-size-preload-manager=33554432"
    "memorysetup-temp-allocator-size-nav-mesh-worker=65536"
    "memorysetup-temp-allocator-size-audio-worker=65536"
    "memorysetup-temp-allocator-size-cloud-worker=32768"
    "memorysetup-temp-allocator-size-gi-baking-worker=262144"
    "memorysetup-temp-allocator-size-gfx=262144"
Refreshing native plugins compatible for Editor in 86.15 ms, found 4 plugins.
Preloading 0 native plugins for Editor in 0.00 ms.
Initialize engine version: 2021.3.7f1 (24e8595d6d43)
[Subsystems] Discovering subsystems at path C:/Program Files/Unity/Hub/Editor/2021.3.7f1/Editor/Data/Resources/UnitySubsystems
[Subsystems] Discovering subsystems at path C:/Users/6800U/Desktop/Unity/TopDown2DGame/Moonless_proto2/Assets
GfxDevice: creating device client; threaded=0; jobified=0
Direct3D:
    Version:  Direct3D 11.0 [level 11.1]
    Renderer: AMD Radeon(TM) Graphics (ID=0x1681)
    Vendor:   ATI
    VRAM:     7010 MB
    Driver:   30.0.14044.3001
Initialize mono
Mono path[0] = 'C:/Program Files/Unity/Hub/Editor/2021.3.7f1/Editor/Data/Managed'
Mono path[1] = 'C:/Program Files/Unity/Hub/Editor/2021.3.7f1/Editor/Data/MonoBleedingEdge/lib/mono/unityjit-win32'
Mono config path = 'C:/Program Files/Unity/Hub/Editor/2021.3.7f1/Editor/Data/MonoBleedingEdge/etc'
Using monoOptions --debugger-agent=transport=dt_socket,embedding=1,server=y,suspend=n,address=127.0.0.1:56312
Begin MonoManager ReloadAssembly
Registering precompiled unity dll's ...
Register platform support module: C:/Program Files/Unity/Hub/Editor/2021.3.7f1/Editor/Data/PlaybackEngines/WebGLSupport/UnityEditor.WebGL.Extensions.dll
Register platform support module: C:/Program Files/Unity/Hub/Editor/2021.3.7f1/Editor/Data/PlaybackEngines/AndroidPlayer/UnityEditor.Android.Extensions.dll
Register platform support module: C:/Program Files/Unity/Hub/Editor/2021.3.7f1/Editor/Data/PlaybackEngines/WindowsStandaloneSupport/UnityEditor.WindowsStandalone.Extensions.dll
Registered in 0.004646 seconds.
Native extension for WindowsStandalone target not found
Native extension for Android target not found
Native extension for WebGL target not found
Refreshing native plugins compatible for Editor in 87.17 ms, found 4 plugins.
Preloading 0 native plugins for Editor in 0.00 ms.
Mono: successfully reloaded assembly
- Completed reload, in  0.530 seconds
Domain Reload Profiling:
	ReloadAssembly (531ms)
		BeginReloadAssembly (55ms)
			ExecutionOrderSort (0ms)
			DisableScriptedObjects (0ms)
			BackupInstance (0ms)
			ReleaseScriptingObjects (0ms)
			CreateAndSetChildDomain (1ms)
		EndReloadAssembly (392ms)
			LoadAssemblies (54ms)
			RebuildTransferFunctionScriptingTraits (0ms)
			SetupTypeCache (79ms)
			ReleaseScriptCaches (0ms)
			RebuildScriptCaches (25ms)
			SetupLoadedEditorAssemblies (247ms)
				LogAssemblyErrors (0ms)
				InitializePlatformSupportModulesInManaged (45ms)
				SetLoadedEditorAssemblies (0ms)
				RefreshPlugins (87ms)
				BeforeProcessingInitializeOnLoad (1ms)
				ProcessInitializeOnLoadAttributes (77ms)
				ProcessInitializeOnLoadMethodAttributes (36ms)
				AfterProcessingInitializeOnLoad (0ms)
				EditorAssembliesLoaded (0ms)
			ExecutionOrderSort2 (0ms)
			AwakeInstancesAfterBackupRestoration (0ms)
Platform modules already initialized, skipping
Registering precompiled user dll's ...
Registered in 0.004902 seconds.
Begin MonoManager ReloadAssembly
Symbol file LoadedFromMemory doesn't match image C:\Users\6800U\Desktop\Unity\TopDown2DGame\Moonless_proto2\Library\PackageCache\com.unity.visualscripting@1.7.8\Editor\VisualScripting.Core\Dependencies\YamlDotNet\Unity.VisualScripting.YamlDotNet.dll
Symbol file LoadedFromMemory doesn't match image C:\Users\6800U\Desktop\Unity\TopDown2DGame\Moonless_proto2\Library\PackageCache\com.unity.visualscripting@1.7.8\Editor\VisualScripting.Core\Dependencies\DotNetZip\Unity.VisualScripting.IonicZip.dll
Native extension for WindowsStandalone target not found
Native extension for Android target not found
Native extension for WebGL target not found
Refreshing native plugins compatible for Editor in 68.96 ms, found 4 plugins.
Preloading 0 native plugins for Editor in 0.00 ms.
Mono: successfully reloaded assembly
- Completed reload, in  1.058 seconds
Domain Reload Profiling:
	ReloadAssembly (1059ms)
		BeginReloadAssembly (206ms)
			ExecutionOrderSort (0ms)
			DisableScriptedObjects (4ms)
			BackupInstance (0ms)
			ReleaseScriptingObjects (0ms)
			CreateAndSetChildDomain (130ms)
		EndReloadAssembly (751ms)
			LoadAssemblies (77ms)
			RebuildTransferFunctionScriptingTraits (0ms)
			SetupTypeCache (190ms)
			ReleaseScriptCaches (1ms)
			RebuildScriptCaches (53ms)
			SetupLoadedEditorAssemblies (394ms)
				LogAssemblyErrors (0ms)
				InitializePlatformSupportModulesInManaged (11ms)
				SetLoadedEditorAssemblies (0ms)
				RefreshPlugins (69ms)
				BeforeProcessingInitializeOnLoad (79ms)
				ProcessInitializeOnLoadAttributes (194ms)
				ProcessInitializeOnLoadMethodAttributes (35ms)
				AfterProcessingInitializeOnLoad (5ms)
				EditorAssembliesLoaded (0ms)
			ExecutionOrderSort2 (0ms)
			AwakeInstancesAfterBackupRestoration (5ms)
Platform modules already initialized, skipping
========================================================================
Worker process is ready to serve import requests
Launched and connected shader compiler UnityShaderCompiler.exe after 0.04 seconds
Refreshing native plugins compatible for Editor in 0.98 ms, found 4 plugins.
Preloading 0 native plugins for Editor in 0.00 ms.
Unloading 4076 Unused Serialized files (Serialized files now loaded: 0)
Unloading 44 unused Assets / (222.8 KB). Loaded Objects now: 4543.
Memory consumption went from 161.8 MB to 161.6 MB.
Total: 3.503500 ms (FindLiveObjects: 0.305100 ms CreateObjectMapping: 0.165700 ms MarkObjects: 2.866800 ms  DeleteObjects: 0.165100 ms)

AssetImportParameters requested are different than current active one (requested -> active):
  custom:video-decoder-ogg-theora: a1e56fd34408186e4bbccfd4996cb3dc -> 
  custom:container-muxer-webm: aa71ff27fc2769a1b78a27578f13a17b -> 
  custom:container-demuxer-webm: 4f35f7cbe854078d1ac9338744f61a02 -> 
  custom:video-encoder-webm-vp8: eb34c28f22e8b96e1ab97ce403110664 -> 
  custom:audio-encoder-webm-vorbis: bf7c407c2cedff20999df2af8eb42d56 -> 
  custom:framework-win-MediaFoundation: 216162199b28c13a410421893ffa2e32 -> 
  custom:container-demuxer-ogg: 62fdf1f143b41e24485cea50d1cbac27 -> 
  custom:video-decoder-webm-vp8: 9c59270c3fd7afecdb556c50c9e8de78 -> 
  custom:audio-decoder-ogg-vorbis: bf7c407c2cedff20999df2af8eb42d56 -> 
========================================================================
Received Prepare
Registering precompiled user dll's ...
Registered in 0.004841 seconds.
Begin MonoManager ReloadAssembly
Symbol file LoadedFromMemory doesn't match image C:\Users\6800U\Desktop\Unity\TopDown2DGame\Moonless_proto2\Library\PackageCache\com.unity.visualscripting@1.7.8\Editor\VisualScripting.Core\Dependencies\YamlDotNet\Unity.VisualScripting.YamlDotNet.dll
Symbol file LoadedFromMemory doesn't match image C:\Users\6800U\Desktop\Unity\TopDown2DGame\Moonless_proto2\Library\PackageCache\com.unity.visualscripting@1.7.8\Editor\VisualScripting.Core\Dependencies\DotNetZip\Unity.VisualScripting.IonicZip.dll
Native extension for WindowsStandalone target not found
Native extension for Android target not found
Native extension for WebGL target not found
Refreshing native plugins compatible for Editor in 1.60 ms, found 4 plugins.
Preloading 0 native plugins for Editor in 0.00 ms.
Mono: successfully reloaded assembly
- Completed reload, in  1.202 seconds
Domain Reload Profiling:
	ReloadAssembly (1203ms)
		BeginReloadAssembly (144ms)
			ExecutionOrderSort (0ms)
			DisableScriptedObjects (7ms)
			BackupInstance (0ms)
			ReleaseScriptingObjects (0ms)
			CreateAndSetChildDomain (51ms)
		EndReloadAssembly (926ms)
			LoadAssemblies (104ms)
			RebuildTransferFunctionScriptingTraits (0ms)
			SetupTypeCache (337ms)
			ReleaseScriptCaches (2ms)
			RebuildScriptCaches (43ms)
			SetupLoadedEditorAssemblies (380ms)
				LogAssemblyErrors (0ms)
				InitializePlatformSupportModulesInManaged (22ms)
				SetLoadedEditorAssemblies (1ms)
				RefreshPlugins (2ms)
				BeforeProcessingInitializeOnLoad (83ms)
				ProcessInitializeOnLoadAttributes (220ms)
				ProcessInitializeOnLoadMethodAttributes (45ms)
				AfterProcessingInitializeOnLoad (7ms)
				EditorAssembliesLoaded (0ms)
			ExecutionOrderSort2 (0ms)
			AwakeInstancesAfterBackupRestoration (10ms)
Platform modules already initialized, skipping
Refreshing native plugins compatible for Editor in 3.33 ms, found 4 plugins.
Preloading 0 native plugins for Editor in 0.00 ms.
Unloading 4067 Unused Serialized files (Serialized files now loaded: 0)
Unloading 35 unused Assets / (190.1 KB). Loaded Objects now: 4542.
Memory consumption went from 161.7 MB to 161.5 MB.
Total: 3.454500 ms (FindLiveObjects: 0.292300 ms CreateObjectMapping: 0.081300 ms MarkObjects: 2.865400 ms  DeleteObjects: 0.214600 ms)

AssetImportParameters requested are different than current active one (requested -> active):
  custom:video-decoder-ogg-theora: a1e56fd34408186e4bbccfd4996cb3dc -> 
  custom:container-muxer-webm: aa71ff27fc2769a1b78a27578f13a17b -> 
  custom:container-demuxer-webm: 4f35f7cbe854078d1ac9338744f61a02 -> 
  custom:video-encoder-webm-vp8: eb34c28f22e8b96e1ab97ce403110664 -> 
  custom:audio-encoder-webm-vorbis: bf7c407c2cedff20999df2af8eb42d56 -> 
  custom:framework-win-MediaFoundation: 216162199b28c13a410421893ffa2e32 -> 
  custom:container-demuxer-ogg: 62fdf1f143b41e24485cea50d1cbac27 -> 
  custom:video-decoder-webm-vp8: 9c59270c3fd7afecdb556c50c9e8de78 -> 
  custom:audio-decoder-ogg-vorbis: bf7c407c2cedff20999df2af8eb42d56 -> 
========================================================================
Received Import Request.
  Time since last request: 200113.797744 seconds.
  path: Assets/Adventurer-1.5/Individual Sprites/adventurer-air-attack-3-end-01.png
  artifactKey: Guid(07da83f16b01fef4f85b4962b577603c) Importer(815301076,1909f56bfc062723c751e8b465ee728b)
Start importing Assets/Adventurer-1.5/Individual Sprites/adventurer-air-attack-3-end-01.png using Guid(07da83f16b01fef4f85b4962b577603c) Importer(815301076,1909f56bfc062723c751e8b465ee728b)  -> (artifact id: 'bec8dab8eefe692bac2064d98c498969') in 0.111827 seconds 
========================================================================
Received Import Request.
  Time since last request: 0.000034 seconds.
  path: Assets/Adventurer-1.5/Individual Sprites/adventurer-attack1-02.png
  artifactKey: Guid(64778d92fc4e751449a87d01fa0caa86) Importer(815301076,1909f56bfc062723c751e8b465ee728b)
Start importing Assets/Adventurer-1.5/Individual Sprites/adventurer-attack1-02.png using Guid(64778d92fc4e751449a87d01fa0caa86) Importer(815301076,1909f56bfc062723c751e8b465ee728b)  -> (artifact id: '362fae75b8131a427609cc35712a14fe') in 0.020007 seconds 
========================================================================
Received Import Request.
  Time since last request: 0.000037 seconds.
  path: Assets/Adventurer-1.5/Individual Sprites/adventurer-crnr-clmb-01.png
  artifactKey: Guid(cf513f06940412e4d926cd0daf12103b) Importer(815301076,1909f56bfc062723c751e8b465ee728b)
Start importing Assets/Adventurer-1.5/Individual Sprites/adventurer-crnr-clmb-01.png using Guid(cf513f06940412e4d926cd0daf12103b) Importer(815301076,1909f56bfc062723c751e8b465ee728b)  -> (artifact id: '888b211205bfe4c7890184e468605f14') in 0.015655 seconds 
========================================================================
Received Import Request.
  Time since last request: 0.000024 seconds.
  path: Assets/Adventurer-1.5/Individual Sprites/adventurer-crnr-clmb-04.png
  artifactKey: Guid(1f70bd2b8d4efac46989643e53a73c8e) Importer(815301076,1909f56bfc062723c751e8b465ee728b)
Start importing Assets/Adventurer-1.5/Individual Sprites/adventurer-crnr-clmb-04.png using Guid(1f70bd2b8d4efac46989643e53a73c8e) Importer(815301076,1909f56bfc062723c751e8b465ee728b)  -> (artifact id: '974508dd482b1f3e0f384cea1d5b60fb') in 0.020191 seconds 
========================================================================
Received Import Request.
  Time since last request: 0.000025 seconds.
  path: Assets/Adventurer-1.5/Individual Sprites/adventurer-attack1-03.png
  artifactKey: Guid(cd238430d24ac794baf707289e8f2070) Importer(815301076,1909f56bfc062723c751e8b465ee728b)
Start importing Assets/Adventurer-1.5/Individual Sprites/adventurer-attack1-03.png using Guid(cd238430d24ac794baf707289e8f2070) Importer(815301076,1909f56bfc062723c751e8b465ee728b)  -> (artifact id: 'e8cc16ef6c7189e2dbed5bb6b206b6ac') in 0.018635 seconds 
========================================================================
Received Import Request.
  Time since last request: 0.000039 seconds.
  path: Assets/Adventurer-1.5/Individual Sprites/adventurer-attack2-01.png
  artifactKey: Guid(5fd2859d3702c0e4a9c70d83a9b696ba) Importer(815301076,1909f56bfc062723c751e8b465ee728b)
Start importing Assets/Adventurer-1.5/Individual Sprites/adventurer-attack2-01.png using Guid(5fd2859d3702c0e4a9c70d83a9b696ba) Importer(815301076,1909f56bfc062723c751e8b465ee728b)  -> (artifact id: 'fc5a5fafe0a91eaa6bab19e7e3db7ce3') in 0.018806 seconds 
========================================================================
Received Import Request.
  Time since last request: 0.000025 seconds.
  path: Assets/Adventurer-1.5/Individual Sprites/adventurer-die-00.png
  artifactKey: Guid(f88f8bd5b0d460745a60e574b9eb5a23) Importer(815301076,1909f56bfc062723c751e8b465ee728b)
Start importing Assets/Adventurer-1.5/Individual Sprites/adventurer-die-00.png using Guid(f88f8bd5b0d460745a60e574b9eb5a23) Importer(815301076,1909f56bfc062723c751e8b465ee728b)  -> (artifact id: '12bf8dab80f959bd36a23045e2c66238') in 0.022053 seconds 
========================================================================
Received Import Request.
  Time since last request: 0.000037 seconds.
  path: Assets/Adventurer-1.5/Individual Sprites/adventurer-air-attack-3-end-02.png
  artifactKey: Guid(f90ad6db7e846424dacea28389d943cb) Importer(815301076,1909f56bfc062723c751e8b465ee728b)
Start importing Assets/Adventurer-1.5/Individual Sprites/adventurer-air-attack-3-end-02.png using Guid(f90ad6db7e846424dacea28389d943cb) Importer(815301076,1909f56bfc062723c751e8b465ee728b)  -> (artifact id: '134ff197d2e2aeada20ec02aef42022b') in 0.017507 seconds 
========================================================================
Received Import Request.
  Time since last request: 0.000039 seconds.
  path: Assets/Adventurer-1.5/Individual Sprites/adventurer-attack2-03.png
  artifactKey: Guid(f8652f4cff80b2d4a9957be3ddfa6e76) Importer(815301076,1909f56bfc062723c751e8b465ee728b)
Start importing Assets/Adventurer-1.5/Individual Sprites/adventurer-attack2-03.png using Guid(f8652f4cff80b2d4a9957be3ddfa6e76) Importer(815301076,1909f56bfc062723c751e8b465ee728b)  -> (artifact id: '19996009f75cb0a72949a16ab4d852d3') in 0.017776 seconds 
========================================================================
Received Import Request.
  Time since last request: 0.000032 seconds.
  path: Assets/Adventurer-1.5/Individual Sprites/adventurer-die-01.png
  artifactKey: Guid(6a867b39eac52e34c86dc50276daa8fb) Importer(815301076,1909f56bfc062723c751e8b465ee728b)
Start importing Assets/Adventurer-1.5/Individual Sprites/adventurer-die-01.png using Guid(6a867b39eac52e34c86dc50276daa8fb) Importer(815301076,1909f56bfc062723c751e8b465ee728b)  -> (artifact id: 'a4dea5a8f98b3c4792136733e7996267') in 0.016995 seconds 
========================================================================
Received Import Request.
  Time since last request: 0.000044 seconds.
  path: Assets/Adventurer-1.5/Individual Sprites/adventurer-air-attack2-02.png
  artifactKey: Guid(0ce04ded8955bff4480d9624b610c598) Importer(815301076,1909f56bfc062723c751e8b465ee728b)
Start importing Assets/Adventurer-1.5/Individual Sprites/adventurer-air-attack2-02.png using Guid(0ce04ded8955bff4480d9624b610c598) Importer(815301076,1909f56bfc062723c751e8b465ee728b)  -> (artifact id: '6dd5d45a368ace4aaa84a7a96916dd62') in 0.018248 seconds 
========================================================================
Received Import Request.
  Time since last request: 0.000039 seconds.
  path: Assets/Adventurer-1.5/Individual Sprites/adventurer-crnr-clmb-03.png
  artifactKey: Guid(3924b9f83d8fcd14abf127d78af1b1dd) Importer(815301076,1909f56bfc062723c751e8b465ee728b)
Start importing Assets/Adventurer-1.5/Individual Sprites/adventurer-crnr-clmb-03.png using Guid(3924b9f83d8fcd14abf127d78af1b1dd) Importer(815301076,1909f56bfc062723c751e8b465ee728b)  -> (artifact id: 'e34a34da38921c204254851745962e0d') in 0.017878 seconds 
========================================================================
Received Import Request.
  Time since last request: 0.000040 seconds.
  path: Assets/Adventurer-1.5/Individual Sprites/adventurer-cast-03.png
  artifactKey: Guid(27d8639faa163ab4095e1f352cc2acc9) Importer(815301076,1909f56bfc062723c751e8b465ee728b)
Start importing Assets/Adventurer-1.5/Individual Sprites/adventurer-cast-03.png using Guid(27d8639faa163ab4095e1f352cc2acc9) Importer(815301076,1909f56bfc062723c751e8b465ee728b)  -> (artifact id: '8b5a203e960cdb7bdb1cb37ccaef4b5c') in 0.015801 seconds 
========================================================================
Received Import Request.
  Time since last request: 0.000034 seconds.
  path: Assets/Adventurer-1.5/Individual Sprites/adventurer-attack3-03.png
  artifactKey: Guid(c7881e52da1aced46ac5e99305e9dadc) Importer(815301076,1909f56bfc062723c751e8b465ee728b)
Start importing Assets/Adventurer-1.5/Individual Sprites/adventurer-attack3-03.png using Guid(c7881e52da1aced46ac5e99305e9dadc) Importer(815301076,1909f56bfc062723c751e8b465ee728b)  -> (artifact id: '30e26d3399a4a1048f740397b2b3944b') in 0.015881 seconds 
========================================================================
Received Import Request.
  Time since last request: 0.000039 seconds.
  path: Assets/Adventurer-1.5/Individual Sprites/adventurer-attack1-04.png
  artifactKey: Guid(ea12183a701f3bd49b0b5dfdc5d0cf4a) Importer(815301076,1909f56bfc062723c751e8b465ee728b)
Start importing Assets/Adventurer-1.5/Individual Sprites/adventurer-attack1-04.png using Guid(ea12183a701f3bd49b0b5dfdc5d0cf4a) Importer(815301076,1909f56bfc062723c751e8b465ee728b)  -> (artifact id: '7226219d2d29dbf277c5679e25e08c14') in 0.020755 seconds 
========================================================================
Received Import Request.
  Time since last request: 0.000029 seconds.
  path: Assets/Adventurer-1.5/Individual Sprites/adventurer-crnr-clmb-02.png
  artifactKey: Guid(dc4a0fad8db01b3429b3e20608e3c6bf) Importer(815301076,1909f56bfc062723c751e8b465ee728b)
Start importing Assets/Adventurer-1.5/Individual Sprites/adventurer-crnr-clmb-02.png using Guid(dc4a0fad8db01b3429b3e20608e3c6bf) Importer(815301076,1909f56bfc062723c751e8b465ee728b)  -> (artifact id: '9ede251e2fa04569cc63a02e1b2c9d7b') in 0.021861 seconds 
========================================================================
Received Import Request.
  Time since last request: 0.000033 seconds.
  path: Assets/Adventurer-1.5/Individual Sprites/adventurer-attack2-00.png
  artifactKey: Guid(8b327d3eb7ac8e649861a3ea413412c6) Importer(815301076,1909f56bfc062723c751e8b465ee728b)
Start importing Assets/Adventurer-1.5/Individual Sprites/adventurer-attack2-00.png using Guid(8b327d3eb7ac8e649861a3ea413412c6) Importer(815301076,1909f56bfc062723c751e8b465ee728b)  -> (artifact id: '5dc67c88fa8190bfaefab3799207a8f5') in 0.019830 seconds 
========================================================================
Received Import Request.
  Time since last request: 0.000041 seconds.
  path: Assets/Adventurer-1.5/Individual Sprites/adventurer-attack2-04.png
  artifactKey: Guid(449bde431332146429cfd0850461e7db) Importer(815301076,1909f56bfc062723c751e8b465ee728b)
Start importing Assets/Adventurer-1.5/Individual Sprites/adventurer-attack2-04.png using Guid(449bde431332146429cfd0850461e7db) Importer(815301076,1909f56bfc062723c751e8b465ee728b)  -> (artifact id: '28e432b8f805170bdd882ca3e8429ea9') in 0.016552 seconds 
========================================================================
Received Import Request.
  Time since last request: 0.000036 seconds.
  path: Assets/Adventurer-1.5/Individual Sprites/adventurer-attack3-04.png
  artifactKey: Guid(4a8db790d9c71744ca30311316b1b690) Importer(815301076,1909f56bfc062723c751e8b465ee728b)
Start importing Assets/Adventurer-1.5/Individual Sprites/adventurer-attack3-04.png using Guid(4a8db790d9c71744ca30311316b1b690) Importer(815301076,1909f56bfc062723c751e8b465ee728b)  -> (artifact id: '9f6553b393726ae4baa7e5409b554440') in 0.023146 seconds 
========================================================================
Received Import Request.
  Time since last request: 0.000034 seconds.
  path: Assets/Adventurer-1.5/Individual Sprites/adventurer-air-attack2-00.png
  artifactKey: Guid(8b8a1b73d7adf944ba66de2526954477) Importer(815301076,1909f56bfc062723c751e8b465ee728b)
Start importing Assets/Adventurer-1.5/Individual Sprites/adventurer-air-attack2-00.png using Guid(8b8a1b73d7adf944ba66de2526954477) Importer(815301076,1909f56bfc062723c751e8b465ee728b)  -> (artifact id: '4e8e9d7ef2f1e5b6afc02dd5678bca1b') in 0.020477 seconds 
========================================================================
Received Import Request.
  Time since last request: 0.000040 seconds.
  path: Assets/Adventurer-1.5/Individual Sprites/adventurer-air-attack1-00.png
  artifactKey: Guid(e7da22fc574bc0b44965718d56693fce) Importer(815301076,1909f56bfc062723c751e8b465ee728b)
Start importing Assets/Adventurer-1.5/Individual Sprites/adventurer-air-attack1-00.png using Guid(e7da22fc574bc0b44965718d56693fce) Importer(815301076,1909f56bfc062723c751e8b465ee728b)  -> (artifact id: 'ad6e27b2df11708a864d6a9dddde717d') in 0.018268 seconds 
========================================================================
Received Import Request.
  Time since last request: 0.000071 seconds.
  path: Assets/Adventurer-1.5/Individual Sprites/adventurer-crnr-grb-01.png
  artifactKey: Guid(42f33acfc0e9a424ab7ff8b159bdfd2d) Importer(815301076,1909f56bfc062723c751e8b465ee728b)
Start importing Assets/Adventurer-1.5/Individual Sprites/adventurer-crnr-grb-01.png using Guid(42f33acfc0e9a424ab7ff8b159bdfd2d) Importer(815301076,1909f56bfc062723c751e8b465ee728b)  -> (artifact id: '6d3eefcc519257788ebb31253b8d32c4') in 0.016991 seconds 
========================================================================
Received Import Request.
  Time since last request: 0.000020 seconds.
  path: Assets/Adventurer-1.5/Individual Sprites/adventurer-crouch-01.png
  artifactKey: Guid(bdfc87e87df8a2c4fae8c6011cce529f) Importer(815301076,1909f56bfc062723c751e8b465ee728b)
Start importing Assets/Adventurer-1.5/Individual Sprites/adventurer-crouch-01.png using Guid(bdfc87e87df8a2c4fae8c6011cce529f) Importer(815301076,1909f56bfc062723c751e8b465ee728b)  -> (artifact id: '9534adb8707f4e8a7cdec7f678f472c6') in 0.014960 seconds 
========================================================================
Received Import Request.
  Time since last request: 0.000031 seconds.
  path: Assets/Adventurer-1.5/Individual Sprites/adventurer-attack2-05.png
  artifactKey: Guid(729c5a3126d6b1e45921ffd0530b56e6) Importer(815301076,1909f56bfc062723c751e8b465ee728b)
Start importing Assets/Adventurer-1.5/Individual Sprites/adventurer-attack2-05.png using Guid(729c5a3126d6b1e45921ffd0530b56e6) Importer(815301076,1909f56bfc062723c751e8b465ee728b)  -> (artifact id: '6ef07b7f4e9e4e926c0d74aec56fbfe2') in 0.019359 seconds 
========================================================================
Received Import Request.
  Time since last request: 0.000025 seconds.
  path: Assets/Adventurer-1.5/Individual Sprites/adventurer-die-03.png
  artifactKey: Guid(1631e62260235c141bae9da83f374b17) Importer(815301076,1909f56bfc062723c751e8b465ee728b)
Start importing Assets/Adventurer-1.5/Individual Sprites/adventurer-die-03.png using Guid(1631e62260235c141bae9da83f374b17) Importer(815301076,1909f56bfc062723c751e8b465ee728b)  -> (artifact id: 'd921697df4a114d8719c9e3d7c19884f') in 0.017012 seconds 
========================================================================
Received Import Request.
  Time since last request: 0.000050 seconds.
  path: Assets/Adventurer-1.5/Individual Sprites/adventurer-attack3-02.png
  artifactKey: Guid(a011801e756633e4d817aa75e0cfb08d) Importer(815301076,1909f56bfc062723c751e8b465ee728b)
Start importing Assets/Adventurer-1.5/Individual Sprites/adventurer-attack3-02.png using Guid(a011801e756633e4d817aa75e0cfb08d) Importer(815301076,1909f56bfc062723c751e8b465ee728b)  -> (artifact id: '29b0cb1a6602bb331f0c56df0f5b9f02') in 0.019534 seconds 
========================================================================
Received Import Request.
  Time since last request: 0.000028 seconds.
  path: Assets/Adventurer-1.5/Individual Sprites/adventurer-crouch-02.png
  artifactKey: Guid(9d38a3d633749774e881bdde1e41df91) Importer(815301076,1909f56bfc062723c751e8b465ee728b)
Start importing Assets/Adventurer-1.5/Individual Sprites/adventurer-crouch-02.png using Guid(9d38a3d633749774e881bdde1e41df91) Importer(815301076,1909f56bfc062723c751e8b465ee728b)  -> (artifact id: 'dea52ed063c997b3eef87bc8c28019a6') in 0.017229 seconds 
========================================================================
Received Import Request.
  Time since last request: 10.840828 seconds.
  path: Assets/Adventurer-1.5/Individual Sprites/adventurer-jump-02.png
  artifactKey: Guid(7f6859a2598422d4b8691f3a078e0ac6) Importer(815301076,1909f56bfc062723c751e8b465ee728b)
Start importing Assets/Adventurer-1.5/Individual Sprites/adventurer-jump-02.png using Guid(7f6859a2598422d4b8691f3a078e0ac6) Importer(815301076,1909f56bfc062723c751e8b465ee728b)  -> (artifact id: 'e449b9fefc3051f769f8f5af38907851') in 0.021624 seconds 
Editor requested this worker to shutdown with reason: Scaling down because of idle timeout
AssetImportWorker is now disconnected from the server
Process exiting
Exiting without the bug reporter. Application will terminate with return code 0